=== D1 Capture v2 ===
Output: /tmp/d1_capture_10s.h264

[SDK] gadi_sys_init...
GOKE ADI: R(10973) LIBC(uClibc) (gcc version 4.6.1 (crosstool-NG 1.18.0) ) 2016-11-16 10:00:45
[SDK] sys_init: OK

[SDK] vi_init + vi_open...
[SDK] vi_init: OK
[SDK] vi_open: OK handle=0x18c04d0

[SDK] vout_init + vout_open...
[SDK] vout: OK handle=0x18c0548

[SDK] venc_init + venc_open...
[SDK] venc_init: OK
[SDK] venc_open: OK handle=0x18c05b0 err=0

[SDK] map_bsb...
[SDK] map_bsb: OK

[SDK] map_dsp: OK addr=0x76698000 length=7667712

[RAW] Opening /dev/gk_video...
[RAW] fd=5

[VI_CAPS] ioctl(0x80047305) ret=0 errno=0
[VI_CAPS] values: 0x000002b0 0x00000240 0x01388000 0x02080201 0x80046200 0x80040000 
[INFO] chip_type=4

[SYS_0x7B] ioctl(0x4004767b) ret=0 errno=0
[RESET] Resetting encode state...
[RESET_STATE] ioctl(0x40047654, 0) ret=0 errno=0
[LIMITS] Setting resource limits...
[GET_LIMITS] ioctl(0x80047674) ret=0 errno=0 bytes=b0 02 40 02
[SET_LIMITS] ioctl(0x40047673) ret=0 errno=0 bytes=b0 02 40 02
[CONFIG] SET_SRCBUF_FORMAT (40-byte struct variants)...
[SET_SRCBUF_FORMAT] sofia_exact struct_size=40
  bytes: 02b0 0240 0001 0160 012c 02b0 0240 0001
[SET_SRCBUF_FORMAT] -> ret=0 errno=0 (Success)
[SET_SRCBUF_FORMAT] selected variant: sofia_exact
[CONFIG] SET_SRCBUF_TYPE...
[CONFIG] SET_SRCBUF_TYPE ret=0

[CONFIG] Streams 0/1/2 encode + H264 defaults...
[SET_FRAME_INTERVAL:0] ret=0 errno=0
[SET_ENCODE_FORMAT:0] ret=0 errno=0 ch=0 688x576 fps=25
[H264:0] GET ret=0 errno=0
[H264] before
  0000: 01 00 00 00 00 00 04 00 00 00 00 00 01 00 00 00
  0016: 4c 02 00 00 90 5f 01 00 b0 02 40 02 00 00 00 00
  0032: 00 00 00 00 00 00 00 00 00 00 00 00 01 00 19 00
  0048: 01 00 04 00 00 00 00 00 00 00 00 00 01 33 01 33
  0064: 01 33 03 05 02 00 00 01 00 00 00 00 00 0a 14 32
[H264:0] SET ret=0 errno=0 gop=1/25 idr=1 profile=0
[H264] after
  0000: 01 00 00 00 00 00 04 00 00 00 00 00 01 00 00 00
  0016: 4c 02 00 00 90 5f 01 00 b0 02 40 02 00 00 00 00
  0032: 00 00 00 00 00 00 00 00 00 00 00 00 01 00 19 00
  0048: 01 00 04 00 00 00 00 00 00 00 00 00 01 33 01 33
  0064: 01 33 03 05 02 00 00 01 00 00 00 00 00 0a 14 32
[SET_BITRATE:0] ret=0 errno=0 cbr=262144 min=262144 max=524288
[SET_FRAME_INTERVAL:1] ret=0 errno=0
[SET_ENCODE_FORMAT:1] ret=0 errno=0 ch=1 352x300 fps=25
[H264:1] GET ret=0 errno=0
[H264] before
  0000: 02 00 00 00 00 00 04 00 00 00 00 00 01 00 00 00
  0016: 4c 02 00 00 90 5f 01 00 60 01 2c 01 00 00 00 00
  0032: 00 00 00 00 00 00 00 00 00 00 00 00 01 00 19 00
  0048: 01 00 04 00 00 00 00 00 00 00 00 00 01 33 01 33
  0064: 01 33 03 05 02 00 00 01 00 00 00 00 00 0a 14 32
[H264:1] SET ret=0 errno=0 gop=1/25 idr=1 profile=0
[H264] after
  0000: 02 00 00 00 00 00 04 00 00 00 00 00 01 00 00 00
  0016: 4c 02 00 00 90 5f 01 00 60 01 2c 01 00 00 00 00
  0032: 00 00 00 00 00 00 00 00 00 00 00 00 01 00 19 00
  0048: 01 00 04 00 00 00 00 00 00 00 00 00 01 33 01 33
  0064: 01 33 03 05 02 00 00 01 00 00 00 00 00 0a 14 32
[SET_BITRATE:1] ret=0 errno=0 cbr=262144 min=262144 max=524288
[SET_FRAME_INTERVAL:2] ret=0 errno=0
[SET_ENCODE_FORMAT:2] ret=0 errno=0 ch=2 352x288 fps=25
[H264:2] GET ret=0 errno=0
[H264] before
  0000: 04 00 00 00 00 00 04 00 00 00 00 00 01 00 00 00
  0016: 4c 02 00 00 90 5f 01 00 60 01 20 01 00 00 00 00
  0032: 00 00 00 00 00 00 00 00 00 00 00 00 01 00 19 00
  0048: 01 00 04 00 00 00 00 00 00 00 00 00 01 33 01 33
  0064: 01 33 03 05 02 00 00 01 00 00 00 00 00 0a 14 32
[H264:2] SET ret=0 errno=0 gop=1/25 idr=1 profile=0
[H264] after
  0000: 04 00 00 00 00 00 04 00 00 00 00 00 01 00 00 00
  0016: 4c 02 00 00 90 5f 01 00 60 01 20 01 00 00 00 00
  0032: 00 00 00 00 00 00 00 00 00 00 00 00 01 00 19 00
  0048: 01 00 04 00 00 00 00 00 00 00 00 00 01 33 01 33
  0064: 01 33 03 05 02 00 00 01 00 00 00 00 00 0a 14 32
[SET_BITRATE:2] ret=0 errno=0 cbr=262144 min=262144 max=524288

[SDK] vi_enable(1): OK err=0
[START] Starting streams...
[QUERY_STREAM before] ret=0 errno=0 q=00000001 00000001 0000004e 00000000
[START] mask=0x1 attempt=1 ret=0 errno=0
[START] mask=0x2 attempt=1 ret=-1 errno=22
[START] mask=0x2 attempt=2 ret=-1 errno=22
[START] mask=0x2 attempt=3 ret=-1 errno=22
[START] mask=0x2 attempt=4 ret=-1 errno=22
[START] mask=0x2 attempt=5 ret=-1 errno=22
[START] mask=0x2 attempt=6 ret=-1 errno=22
[START] mask=0x2 attempt=7 ret=-1 errno=22
[START] mask=0x2 attempt=8 ret=-1 errno=22
[START] mask=0x2 attempt=9 ret=-1 errno=22
[START] mask=0x2 attempt=10 ret=-1 errno=22
[START] mask=0x4 attempt=1 ret=0 errno=0
[QUERY_STREAM after] ret=0 errno=0 q=00000001 00000002 00000003 00000000

[IDR] force_idr ret=0

[CAPTURE] Starting → /tmp/d1_capture_10s.h264
  [pkt 000] sid=0 nal=0x07 sz=147 addr=0x76de8000
  [0 frames] 147 bytes, 0 IDRs (sid=0 nal=0x07 sz=147)
  [pkt 001] sid=0 nal=0x01 sz=4791 addr=0x76de80a0
  [pkt 002] sid=0 nal=0x01 sz=22 addr=0x76de9360
  [pkt 003] sid=2 nal=0x07 sz=100 addr=0x76de9380
  [pkt 004] sid=0 nal=0x07 sz=165 addr=0x76de9400
  [pkt 005] sid=2 nal=0x01 sz=44 addr=0x76de94c0
  [pkt 006] sid=0 nal=0x01 sz=26 addr=0x76de9500
  [pkt 007] sid=2 nal=0x01 sz=17 addr=0x76de9520
  [pkt 008] sid=0 nal=0x01 sz=26 addr=0x76de9540
  [pkt 009] sid=2 nal=0x01 sz=17 addr=0x76de9560
  [pkt 010] sid=0 nal=0x01 sz=26 addr=0x76de9580
  [pkt 011] sid=2 nal=0x01 sz=17 addr=0x76de95a0
  [pkt 012] sid=0 nal=0x01 sz=26 addr=0x76de95c0
  [pkt 013] sid=2 nal=0x01 sz=17 addr=0x76de95e0
  [pkt 014] sid=0 nal=0x01 sz=26 addr=0x76de9600
  [pkt 015] sid=2 nal=0x01 sz=17 addr=0x76de9620
  [pkt 016] sid=0 nal=0x01 sz=26 addr=0x76de9640
  [pkt 017] sid=2 nal=0x01 sz=17 addr=0x76de9660
  [pkt 018] sid=0 nal=0x01 sz=26 addr=0x76de9680
  [pkt 019] sid=2 nal=0x01 sz=17 addr=0x76de96a0
  [pkt 020] sid=0 nal=0x01 sz=26 addr=0x76de96c0
  [pkt 021] sid=2 nal=0x01 sz=17 addr=0x76de96e0
  [pkt 022] sid=0 nal=0x01 sz=26 addr=0x76de9700
  [pkt 023] sid=2 nal=0x01 sz=17 addr=0x76de9720
  [pkt 024] sid=0 nal=0x01 sz=26 addr=0x76de9740
  [pkt 025] sid=2 nal=0x01 sz=17 addr=0x76de9760
  [pkt 026] sid=0 nal=0x01 sz=26 addr=0x76de9780
  [pkt 027] sid=2 nal=0x01 sz=17 addr=0x76de97a0
  [pkt 028] sid=0 nal=0x01 sz=26 addr=0x76de97c0
  [pkt 029] sid=2 nal=0x01 sz=17 addr=0x76de97e0
  [pkt 030] sid=0 nal=0x01 sz=26 addr=0x76de9800
  [pkt 031] sid=2 nal=0x01 sz=17 addr=0x76de9820
  [pkt 032] sid=0 nal=0x01 sz=26 addr=0x76de9840
  [pkt 033] sid=2 nal=0x01 sz=17 addr=0x76de9860
  [pkt 034] sid=0 nal=0x01 sz=26 addr=0x76de9880
  [pkt 035] sid=2 nal=0x01 sz=17 addr=0x76de98a0
  [pkt 036] sid=0 nal=0x01 sz=26 addr=0x76de98c0
  [pkt 037] sid=2 nal=0x01 sz=17 addr=0x76de98e0
  [pkt 038] sid=0 nal=0x01 sz=26 addr=0x76de9900
  [pkt 039] sid=2 nal=0x01 sz=17 addr=0x76de9920
  [pkt 048] sid=0 nal=0x07 sz=167 addr=0x76de9a40
  [pkt 052] sid=0 nal=0x07 sz=167 addr=0x76de9b60
  [pkt 053] sid=2 nal=0x07 sz=110 addr=0x76de9c20
  [25 frames] 6057 bytes, 0 IDRs (sid=0 nal=0x01 sz=26)
  [pkt 098] sid=0 nal=0x07 sz=166 addr=0x76dea220
  [pkt 102] sid=0 nal=0x07 sz=167 addr=0x76dea340
  [pkt 103] sid=2 nal=0x07 sz=110 addr=0x76dea400
  [50 frames] 7040 bytes, 0 IDRs (sid=0 nal=0x01 sz=26)
  [pkt 148] sid=0 nal=0x07 sz=167 addr=0x76deaa00
  [pkt 152] sid=0 nal=0x07 sz=167 addr=0x76deab20
  [pkt 153] sid=2 nal=0x07 sz=110 addr=0x76deabe0
  [75 frames] 8024 bytes, 0 IDRs (sid=0 nal=0x01 sz=26)
  [pkt 198] sid=0 nal=0x07 sz=167 addr=0x76deb1e0
  [pkt 202] sid=0 nal=0x07 sz=167 addr=0x76deb300
  [pkt 203] sid=2 nal=0x07 sz=110 addr=0x76deb3c0
  [100 frames] 9008 bytes, 0 IDRs (sid=0 nal=0x01 sz=26)
  [pkt 248] sid=0 nal=0x07 sz=167 addr=0x76deb9c0
  [pkt 252] sid=0 nal=0x07 sz=166 addr=0x76debae0
  [pkt 253] sid=2 nal=0x07 sz=110 addr=0x76debba0
  [125 frames] 9991 bytes, 0 IDRs (sid=0 nal=0x01 sz=26)
  [pkt 298] sid=0 nal=0x07 sz=167 addr=0x76dec1a0
  [pkt 302] sid=0 nal=0x07 sz=167 addr=0x76dec2c0
  [pkt 303] sid=2 nal=0x07 sz=110 addr=0x76dec380
  [150 frames] 10975 bytes, 0 IDRs (sid=0 nal=0x01 sz=26)
  [pkt 348] sid=0 nal=0x07 sz=167 addr=0x76dec980
  [pkt 352] sid=0 nal=0x07 sz=167 addr=0x76decaa0
  [pkt 353] sid=2 nal=0x07 sz=110 addr=0x76decb60
  [175 frames] 11959 bytes, 0 IDRs (sid=0 nal=0x01 sz=26)
  [pkt 398] sid=0 nal=0x07 sz=167 addr=0x76ded160
  [pkt 402] sid=0 nal=0x07 sz=167 addr=0x76ded280
  [pkt 403] sid=2 nal=0x07 sz=109 addr=0x76ded340
  [200 frames] 12943 bytes, 0 IDRs (sid=0 nal=0x01 sz=26)
  [pkt 448] sid=0 nal=0x07 sz=167 addr=0x76ded940
  [pkt 452] sid=0 nal=0x07 sz=167 addr=0x76deda60
  [pkt 453] sid=2 nal=0x07 sz=110 addr=0x76dedb20
  [225 frames] 13927 bytes, 0 IDRs (sid=0 nal=0x01 sz=26)
  [pkt 498] sid=0 nal=0x07 sz=167 addr=0x76dee120
  [pkt 502] sid=0 nal=0x07 sz=167 addr=0x76dee240
  [pkt 503] sid=2 nal=0x07 sz=110 addr=0x76dee300
  [250 frames] 14911 bytes, 0 IDRs (sid=0 nal=0x01 sz=26)
  [pkt 548] sid=0 nal=0x07 sz=167 addr=0x76dee900
  [pkt 552] sid=0 nal=0x07 sz=167 addr=0x76deea20
  [pkt 553] sid=2 nal=0x07 sz=110 addr=0x76deeae0
  [275 frames] 15895 bytes, 0 IDRs (sid=0 nal=0x01 sz=26)
  [pkt 598] sid=0 nal=0x07 sz=166 addr=0x76def0e0
  [pkt 602] sid=0 nal=0x07 sz=167 addr=0x76def200
  [pkt 603] sid=2 nal=0x07 sz=110 addr=0x76def2c0
  [pkt 648] sid=0 nal=0x07 sz=167 addr=0x76def8c0
  [300 frames] 17045 bytes, 0 IDRs (sid=0 nal=0x01 sz=26)

[CAPTURE] Done: 300 frames, 17045 bytes, 0 IDRs
[CAPTURE] stream_ids: 0=327 2=324
[CAPTURE] nal_types: 1=611 7=40
[RESET_STATE] ioctl(0x40047654, 0) ret=0 errno=0
