=== D1 Capture v2 ===
Output: /tmp/d1_capture_call_12s_fpsfix.h264

[SDK] gadi_sys_init...
GOKE ADI: R(10973) LIBC(uClibc) (gcc version 4.6.1 (crosstool-NG 1.18.0) ) 2016-11-16 10:00:45
[SDK] sys_init: OK

[SDK] vi_init + vi_open...
[SDK] vi_init: OK
[SDK] vi_open: OK handle=0xdd84d0

[SDK] vout_init + vout_open...
[SDK] vout: OK handle=0xdd8548

[SDK] venc_init + venc_open...
[SDK] venc_init: OK
[SDK] venc_open: OK handle=0xdd85b0 err=0

[SDK] map_bsb...
[SDK] map_bsb: OK

[SDK] map_dsp: OK addr=0x765b0000 length=7667712

[RAW] Opening /dev/gk_video...
[RAW] fd=5

[VI_CAPS] ioctl(0x80047305) ret=0 errno=0
[VI_CAPS] values: 0x000002b0 0x00000240 0x01388000 0x02080201 0x80046200 0x80040000 
[INFO] chip_type=4

[SYS_0x7B] ioctl(0x4004767b) ret=0 errno=0
[RESET] Resetting encode state...
[RESET_STATE] ioctl(0x40047654, 0) ret=0 errno=0
[LIMITS] Setting resource limits...
[GET_LIMITS] ioctl(0x80047674) ret=0 errno=0 bytes=b0 02 40 02
[SET_LIMITS] ioctl(0x40047673) ret=0 errno=0 bytes=b0 02 40 02
[CONFIG] SET_SRCBUF_FORMAT (40-byte struct variants)...
[SET_SRCBUF_FORMAT] sofia_exact struct_size=40
  bytes: 02b0 0240 0001 0160 012c 02b0 0240 0001
[SET_SRCBUF_FORMAT] -> ret=0 errno=0 (Success)
[SET_SRCBUF_FORMAT] selected variant: sofia_exact
[CONFIG] SET_SRCBUF_TYPE...
[CONFIG] SET_SRCBUF_TYPE ret=0

[CONFIG] Streams 0/1/2 encode + H264 defaults...
[SET_FRAME_INTERVAL:0] ret=0 errno=0
[SET_ENCODE_FORMAT:0] ret=0 errno=0 ch=0 688x576 fps=25
[H264:0] GET ret=0 errno=0
[H264] before
  0000: 01 00 00 00 00 00 04 00 00 00 00 00 01 00 00 00
  0016: 4c 02 00 00 90 5f 01 00 b0 02 40 02 00 00 00 00
  0032: 00 00 00 00 00 00 00 00 00 00 00 00 01 00 19 00
  0048: 01 00 04 00 00 00 00 00 00 00 00 00 01 33 01 33
  0064: 01 33 03 05 02 00 00 01 00 00 00 00 00 0a 14 32
[H264:0] SET ret=0 errno=0 gop=1/25 idr=1 profile=0
[H264] after
  0000: 01 00 00 00 00 00 04 00 00 00 00 00 01 00 00 00
  0016: 4c 02 00 00 90 5f 01 00 b0 02 40 02 00 00 00 00
  0032: 00 00 00 00 00 00 00 00 00 00 00 00 01 00 19 00
  0048: 01 00 04 00 00 00 00 00 00 00 00 00 01 33 01 33
  0064: 01 33 03 05 02 00 00 01 00 00 00 00 00 0a 14 32
[SET_BITRATE:0] ret=0 errno=0 cbr=262144 min=262144 max=524288
[SET_FRAME_INTERVAL:1] ret=0 errno=0
[SET_ENCODE_FORMAT:1] ret=0 errno=0 ch=1 352x300 fps=25
[H264:1] GET ret=0 errno=0
[H264] before
  0000: 02 00 00 00 00 00 04 00 00 00 00 00 01 00 00 00
  0016: 4c 02 00 00 90 5f 01 00 60 01 2c 01 00 00 00 00
  0032: 00 00 00 00 00 00 00 00 00 00 00 00 01 00 19 00
  0048: 01 00 04 00 00 00 00 00 00 00 00 00 01 33 01 33
  0064: 01 33 03 05 02 00 00 01 00 00 00 00 00 0a 14 32
[H264:1] SET ret=0 errno=0 gop=1/25 idr=1 profile=0
[H264] after
  0000: 02 00 00 00 00 00 04 00 00 00 00 00 01 00 00 00
  0016: 4c 02 00 00 90 5f 01 00 60 01 2c 01 00 00 00 00
  0032: 00 00 00 00 00 00 00 00 00 00 00 00 01 00 19 00
  0048: 01 00 04 00 00 00 00 00 00 00 00 00 01 33 01 33
  0064: 01 33 03 05 02 00 00 01 00 00 00 00 00 0a 14 32
[SET_BITRATE:1] ret=0 errno=0 cbr=262144 min=262144 max=524288
[SET_FRAME_INTERVAL:2] ret=0 errno=0
[SET_ENCODE_FORMAT:2] ret=0 errno=0 ch=2 352x288 fps=25
[H264:2] GET ret=0 errno=0
[H264] before
  0000: 04 00 00 00 00 00 04 00 00 00 00 00 01 00 00 00
  0016: 4c 02 00 00 90 5f 01 00 60 01 20 01 00 00 00 00
  0032: 00 00 00 00 00 00 00 00 00 00 00 00 01 00 19 00
  0048: 01 00 04 00 00 00 00 00 00 00 00 00 01 33 01 33
  0064: 01 33 03 05 02 00 00 01 00 00 00 00 00 0a 14 32
[H264:2] SET ret=0 errno=0 gop=1/25 idr=1 profile=0
[H264] after
  0000: 04 00 00 00 00 00 04 00 00 00 00 00 01 00 00 00
  0016: 4c 02 00 00 90 5f 01 00 60 01 20 01 00 00 00 00
  0032: 00 00 00 00 00 00 00 00 00 00 00 00 01 00 19 00
  0048: 01 00 04 00 00 00 00 00 00 00 00 00 01 33 01 33
  0064: 01 33 03 05 02 00 00 01 00 00 00 00 00 0a 14 32
[SET_BITRATE:2] ret=0 errno=0 cbr=262144 min=262144 max=524288

[SDK] vi_enable(1): OK err=0
[START] Starting streams...
[QUERY_STREAM before] ret=0 errno=0 q=00000001 00000001 00000149 00000000
[START] mask=0x1 attempt=1 ret=0 errno=0
[START] mask=0x2 attempt=1 ret=-1 errno=22
[START] mask=0x2 attempt=2 ret=-1 errno=22
[START] mask=0x2 attempt=3 ret=-1 errno=22
[START] mask=0x2 attempt=4 ret=-1 errno=22
[START] mask=0x2 attempt=5 ret=-1 errno=22
[START] mask=0x2 attempt=6 ret=-1 errno=22
[START] mask=0x2 attempt=7 ret=-1 errno=22
[START] mask=0x2 attempt=8 ret=-1 errno=22
[START] mask=0x2 attempt=9 ret=-1 errno=22
[START] mask=0x2 attempt=10 ret=-1 errno=22
[START] mask=0x4 attempt=1 ret=0 errno=0
[QUERY_STREAM after] ret=0 errno=0 q=00000001 00000002 00000038 00000000

[IDR] force_idr ret=0

[CAPTURE] Starting → /tmp/d1_capture_call_12s_fpsfix.h264
  [pkt 000] sid=0 nal=0x07 sz=9961 addr=0x76d00000
  [0 frames] 9961 bytes, 0 IDRs (sid=0 nal=0x07 sz=9961)
  [pkt 001] sid=0 nal=0x01 sz=652 addr=0x76d02700
  [pkt 002] sid=0 nal=0x01 sz=417 addr=0x76d029a0
  [pkt 003] sid=0 nal=0x01 sz=397 addr=0x76d02b60
  [pkt 004] sid=0 nal=0x01 sz=678 addr=0x76d02d00
  [pkt 005] sid=0 nal=0x01 sz=510 addr=0x76d02fc0
  [pkt 006] sid=0 nal=0x01 sz=567 addr=0x76d031c0
  [pkt 007] sid=0 nal=0x01 sz=533 addr=0x76d03400
  [pkt 008] sid=0 nal=0x01 sz=569 addr=0x76d03620
  [pkt 009] sid=0 nal=0x01 sz=596 addr=0x76d03860
  [pkt 010] sid=0 nal=0x01 sz=507 addr=0x76d03ac0
  [pkt 011] sid=0 nal=0x01 sz=465 addr=0x76d03cc0
  [pkt 012] sid=0 nal=0x01 sz=449 addr=0x76d03ea0
  [pkt 013] sid=0 nal=0x01 sz=517 addr=0x76d04080
  [pkt 014] sid=0 nal=0x01 sz=573 addr=0x76d042a0
  [pkt 015] sid=0 nal=0x01 sz=640 addr=0x76d044e0
  [pkt 016] sid=0 nal=0x01 sz=462 addr=0x76d04760
  [pkt 017] sid=0 nal=0x01 sz=602 addr=0x76d04940
  [pkt 018] sid=0 nal=0x01 sz=590 addr=0x76d04ba0
  [pkt 019] sid=0 nal=0x01 sz=488 addr=0x76d04e00
  [pkt 020] sid=0 nal=0x01 sz=593 addr=0x76d05000
  [pkt 021] sid=0 nal=0x01 sz=543 addr=0x76d05260
  [pkt 022] sid=0 nal=0x01 sz=565 addr=0x76d05480
  [pkt 023] sid=0 nal=0x01 sz=546 addr=0x76d056c0
  [pkt 024] sid=0 nal=0x01 sz=554 addr=0x76d05900
  [pkt 025] sid=0 nal=0x07 sz=10841 addr=0x76d05b40
  [pkt 026] sid=0 nal=0x01 sz=926 addr=0x76d085a0
  [25 frames] 34741 bytes, 0 IDRs (sid=0 nal=0x01 sz=926)
  [pkt 027] sid=0 nal=0x01 sz=875 addr=0x76d08940
  [pkt 028] sid=0 nal=0x01 sz=1133 addr=0x76d08cc0
  [pkt 029] sid=0 nal=0x01 sz=791 addr=0x76d09140
  [pkt 030] sid=0 nal=0x01 sz=696 addr=0x76d09460
  [pkt 031] sid=0 nal=0x01 sz=710 addr=0x76d09720
  [pkt 032] sid=0 nal=0x01 sz=845 addr=0x76d09a00
  [pkt 033] sid=0 nal=0x01 sz=672 addr=0x76d09d60
  [pkt 034] sid=0 nal=0x01 sz=745 addr=0x76d0a000
  [pkt 035] sid=0 nal=0x01 sz=706 addr=0x76d0a300
  [pkt 036] sid=0 nal=0x01 sz=688 addr=0x76d0a5e0
  [pkt 037] sid=0 nal=0x01 sz=639 addr=0x76d0a8a0
  [pkt 038] sid=0 nal=0x01 sz=664 addr=0x76d0ab20
  [pkt 039] sid=0 nal=0x01 sz=747 addr=0x76d0adc0
  [pkt 050] sid=0 nal=0x07 sz=12158 addr=0x76d0cfa0
  [50 frames] 66422 bytes, 0 IDRs (sid=0 nal=0x01 sz=841)
  [pkt 055] sid=2 nal=0x07 sz=12000 addr=0x76d10d60
  [pkt 074] sid=0 nal=0x07 sz=12270 addr=0x76d16bc0
  [pkt 080] sid=0 nal=0x07 sz=11544 addr=0x76d1acc0
  [pkt 096] sid=0 nal=0x07 sz=11191 addr=0x76d209e0
  [pkt 104] sid=0 nal=0x07 sz=10833 addr=0x76d24d80
  [pkt 105] sid=2 nal=0x07 sz=9281 addr=0x76d277e0
  [75 frames] 133110 bytes, 0 IDRs (sid=0 nal=0x01 sz=1052)
  [pkt 130] sid=0 nal=0x07 sz=12686 addr=0x76d2f680
  [pkt 146] sid=0 nal=0x07 sz=10923 addr=0x76d35f20
  [pkt 154] sid=0 nal=0x07 sz=11439 addr=0x76d3a340
  [pkt 155] sid=2 nal=0x07 sz=9999 addr=0x76d3d000
  [100 frames] 188067 bytes, 0 IDRs (sid=0 nal=0x01 sz=944)
  [pkt 196] sid=0 nal=0x07 sz=12762 addr=0x76d48420
  [pkt 202] sid=0 nal=0x07 sz=11583 addr=0x76d4c900
  [pkt 205] sid=2 nal=0x07 sz=9758 addr=0x76d4fde0
  [125 frames] 231601 bytes, 0 IDRs (sid=0 nal=0x01 sz=741)
  [pkt 246] sid=0 nal=0x07 sz=11425 addr=0x76d5af80
  [pkt 252] sid=0 nal=0x07 sz=11508 addr=0x76d5f020
  [pkt 255] sid=2 nal=0x07 sz=10348 addr=0x76d62460
  [150 frames] 273143 bytes, 0 IDRs (sid=0 nal=0x01 sz=812)
  [pkt 296] sid=0 nal=0x07 sz=12133 addr=0x76d6d6e0
  [pkt 302] sid=0 nal=0x07 sz=11579 addr=0x76d71960
  [pkt 305] sid=2 nal=0x07 sz=10402 addr=0x76d74ec0
  [175 frames] 315956 bytes, 0 IDRs (sid=0 nal=0x01 sz=727)
  [pkt 346] sid=0 nal=0x07 sz=11579 addr=0x76d803c0
  [pkt 352] sid=0 nal=0x07 sz=11720 addr=0x76d84280
  [pkt 355] sid=2 nal=0x07 sz=9706 addr=0x76d87a40
  [200 frames] 357323 bytes, 0 IDRs (sid=0 nal=0x01 sz=651)
  [pkt 396] sid=0 nal=0x07 sz=12793 addr=0x76d924e0
  [pkt 402] sid=0 nal=0x07 sz=11625 addr=0x76d96ac0
  [pkt 405] sid=2 nal=0x07 sz=9745 addr=0x76d99f20
  [225 frames] 400036 bytes, 0 IDRs (sid=0 nal=0x01 sz=607)
  [pkt 446] sid=0 nal=0x07 sz=12271 addr=0x76da5040
  [pkt 452] sid=0 nal=0x07 sz=11172 addr=0x76da94a0
  [pkt 455] sid=2 nal=0x07 sz=10010 addr=0x76dac6e0
  [250 frames] 441640 bytes, 0 IDRs (sid=0 nal=0x01 sz=615)
  [pkt 496] sid=0 nal=0x07 sz=11588 addr=0x76db7620
  [pkt 502] sid=0 nal=0x07 sz=11471 addr=0x76dbb640
  [pkt 505] sid=2 nal=0x07 sz=10084 addr=0x76dbeac0
  [275 frames] 483062 bytes, 0 IDRs (sid=0 nal=0x01 sz=598)
  [pkt 546] sid=0 nal=0x07 sz=11502 addr=0x76dc9920
  [pkt 552] sid=0 nal=0x07 sz=11616 addr=0x76dcd8e0
  [pkt 555] sid=2 nal=0x07 sz=10219 addr=0x76dd0e60
  [pkt 596] sid=0 nal=0x07 sz=12130 addr=0x76ddbca0
  [300 frames] 536662 bytes, 0 IDRs (sid=0 nal=0x01 sz=883)
  [pkt 602] sid=0 nal=0x07 sz=11572 addr=0x76ddfe20
  [pkt 605] sid=2 nal=0x07 sz=9796 addr=0x76de3340
  [pkt 646] sid=0 nal=0x07 sz=11808 addr=0x76dee120
  [pkt 652] sid=0 nal=0x07 sz=11323 addr=0x76df25e0
  [325 frames] 590092 bytes, 0 IDRs (sid=0 nal=0x01 sz=744)
  [pkt 655] sid=2 nal=0x07 sz=9632 addr=0x76df58e0

[CAPTURE] Done: 331 frames, 594206 bytes, 0 IDRs
[CAPTURE] stream_ids: 0=361 2=306
[CAPTURE] nal_types: 1=624 7=43
[RESET_STATE] ioctl(0x40047654, 0) ret=0 errno=0
