=== sofia_trace v2: multi-thread ioctl tracer ===
[tracer] main PID=815, tracing threads...
[tracer] initial PC=0x76f14eac
[815] IOC #1 fd=0 cmd=0x00005401 arg=0x7ebec96c[815] = 0xffffffe7
[815] IOC #2 fd=1 cmd=0x00005401 arg=0x7ebec96c[815] = 0xffffffea
[tracer] new child PID=816
[816] IOC #3 fd=6 cmd=0x80247009 arg=0x76c8dd28[816] = 0x0
[815] IOC #4 fd=5 cmd=0x00005401 arg=0x7ebebbdc[815] = 0xffffffe7
[815] IOC #5 fd=5 cmd=0x00005401 arg=0x7ebeb984[815] = 0xffffffe7
[815] IOC #6 fd=5 cmd=0x00005401 arg=0x7ebec9a4[815] = 0xffffffe7
[815] IOC #7 fd=5 cmd=0x00005401 arg=0x7ebeb994[815] = 0xffffffe7
[815] IOC #8 fd=5 cmd=0x00005401 arg=0x7ebeb7ac[815] = 0xffffffe7
[815] IOC #9 fd=5 cmd=0x00005401 arg=0x7ebec6f4[815] = 0xffffffe7
[815] IOC #10 fd=5 cmd=0x00005401 arg=0x7ebeb6e4[815] = 0xffffffe7
[815] IOC #11 fd=5 cmd=0x00005401 arg=0x7ebeb98c[815] = 0xffffffe7
[815] IOC #12 fd=5 cmd=0x00005401 arg=0x7ebeb98c[815] = 0xffffffe7
[815] IOC #13 fd=5 cmd=0x00005401 arg=0x7ebeb98c[815] = 0xffffffe7
[815] IOC #14 fd=5 cmd=0x00005401 arg=0x7ebeb98c[815] = 0xffffffe7
[815] IOC #15 fd=5 cmd=0x00005401 arg=0x7ebeb7ac[815] = 0xffffffe7
[815] IOC #16 fd=5 cmd=0x00005401 arg=0x7ebec9ac[815] = 0xffffffe7
[815] IOC #17 fd=7 cmd=0x00000703 arg=0x00000018[815] = 0x0
[815] IOC #18 fd=7 cmd=0x00000707 arg=0x01d38d60[815] = 0xffffff87
[815] IOC #19 fd=7 cmd=0x00000707 arg=0x01d38d60[815] = 0xffffff87
[815] IOC #20 fd=9 cmd=0x80047652 arg=0x7ebecc44[815] = 0x0
[815] IOC #21 fd=9 cmd=0x40047654 arg=0x00000000[815] = 0x0
[815] IOC #22 fd=8 cmd=0x80047600 arg=0x7ebecb98[815] = 0x0
[815] IOC #23 fd=9 cmd=0x80047670 arg=0x7ebecc3c[815] = 0x0
[815] IOC #24 fd=9 cmd=0x80047652 arg=0x7ebecc38[815] = 0x0
[815] IOC #25 fd=10 cmd=0x00005401 arg=0x7ebecb04[815] = 0xffffffe7
[815] IOC #26 fd=9 cmd=0x40047316 arg=0x01d69138[815] = 0x0
[815] IOC #27 fd=9 cmd=0x80047301 arg=0x7ebecba0[815] = 0x0
[815] IOC #28 fd=9 cmd=0x80047304 arg=0x7ebecc34[815] = 0x0
[815] IOC #29 fd=9 cmd=0x80047670 arg=0x7ebecc3c[815] = 0x0
[815] IOC #30 fd=9 cmd=0x80046d05 arg=0x7ebecc40[815] = 0x0
[815] IOC #31 fd=9 cmd=0x80046d00 arg=0x7ebecc28[815] = 0x0
[815] IOC #32 fd=9 cmd=0x80046d04 arg=0x7ebecc40[815] = 0x0
[815] IOC #33 fd=9 cmd=0x80046d10 arg=0x7ebecc28[815] = 0x0
[815] IOC #34 fd=9 cmd=0x80046d20 arg=0x7ebecc3c[815] = 0x0
[815] IOC #35 fd=9 cmd=0x80045002 arg=0x7ebecc44[815] = 0x0
[815] IOC #36 fd=10 cmd=0x00005401 arg=0x7ebecab4[815] = 0xffffffe7
[815] IOC #37 fd=10 cmd=0x00005401 arg=0x7ebecab4[815] = 0xffffffe7
[815] IOC #38 fd=10 cmd=0x00005401 arg=0x7ebecab4[815] = 0xffffffe7
[815] IOC #39 fd=10 cmd=0x00005401 arg=0x7ebecab4[815] = 0xffffffe7
[815] IOC #40 fd=10 cmd=0x00005401 arg=0x7ebecb54[815] = 0xffffffe7
[815] IOC #41 fd=10 cmd=0x00005401 arg=0x7ebec964[815] = 0xffffffe7
[815] IOC #42 fd=11 cmd=0x00005401 arg=0x7ebec944[815] = 0xffffffe7
[815] IOC #43 fd=12 cmd=0x00005401 arg=0x7ebebf7c[815] = 0xffffffe7
[tracer] new child PID=817
[tracer] new child PID=818
[tracer] new child PID=819
[815] IOC #44 fd=5 cmd=0x80045704 arg=0x7ebecae4[815] = 0x0
[815] IOC #45 fd=5 cmd=0xc0045706 arg=0x7ebecadc[815] = 0x0
[tracer] new child PID=820
[820] IOC #46 fd=5 cmd=0x80045705 arg=0x00000000[820] = 0x0
[815] IOC #47 fd=12 cmd=0x00005401 arg=0x7ebec5a4[815] = 0xffffffe7
[815] IOC #48 fd=12 cmd=0x00005401 arg=0x7ebec5a4[815] = 0xffffffe7
[815] IOC #49 fd=12 cmd=0x00005401 arg=0x7ebec5ac[815] = 0xffffffe7
[815] IOC #50 fd=12 cmd=0x00008916 arg=0x7ebec970[815] = 0x0
[815] IOC #51 fd=12 cmd=0x00008913 arg=0x7ebec970[815] = 0x0
[815] IOC #52 fd=12 cmd=0x00008914 arg=0x7ebec970[815] = 0x0
[815] IOC #53 fd=12 cmd=0x00005401 arg=0x7ebec85c[815] = 0xffffffe7
[815] IOC #54 fd=12 cmd=0x0000891c arg=0x7ebec970[815] = 0x0
[815] IOC #55 fd=12 cmd=0x00008913 arg=0x7ebec970[815] = 0x0
[815] IOC #56 fd=12 cmd=0x00008914 arg=0x7ebec970[815] = 0x0
[815] IOC #57 fd=12 cmd=0x00005401 arg=0x7ebec85c[815] = 0xffffffe7
[815] IOC #58 fd=12 cmd=0x00005401 arg=0x7ebec55c[815] = 0xffffffe7
[815] IOC #59 fd=12 cmd=0x00008927 arg=0x7ebec990[815] = 0x0
[815] IOC #60 fd=12 cmd=0x00005401 arg=0x7ebec48c[815] = 0xffffffe7
[815] IOC #61 fd=12 cmd=0x0000890c arg=0x7ebec91c[815] = 0x0
[815] IOC #62 fd=13 cmd=0x00005401 arg=0x7ebec30c[815] = 0xffffffe7
[815] IOC #63 fd=13 cmd=0x00005401 arg=0x7ebec30c[815] = 0xffffffe7
[815] IOC #64 fd=13 cmd=0x00005401 arg=0x7ebec30c[815] = 0xffffffe7
[815] IOC #65 fd=12 cmd=0x0000890c arg=0x7ebec91c[815] = 0x0
[815] IOC #66 fd=12 cmd=0x0000890b arg=0x7ebec91c[815] = 0x0
[tracer] new child PID=821
[819] IOC #67 fd=-25 cmd=0x00005401 arg=0x7554dbdc[819] = 0xd
[819] IOC #68 fd=0 cmd=0x80204d01 arg=0x7554dc48[819] = 0xd
[815] IOC #69 fd=12 cmd=0x0000890b arg=0x7ebec91c[815] = 0x0
[815] IOC #70 fd=12 cmd=0x00005401 arg=0x7ebec85c[815] = 0xffffffe7
[819] IOC #71 fd=0 cmd=0x80204d01 arg=0x7554dc48[819] = 0xc
[815] IOC #72 fd=12 cmd=0x00005401 arg=0x7ebec55c[815] = 0xffffffe7
[819] IOC #73 fd=0 cmd=0x80204d01 arg=0x7554dc48[819] = 0xd
[815] IOC #74 fd=12 cmd=0x00008927 arg=0x7ebec990[815] = 0x0
[815] IOC #75 fd=12 cmd=0x00008946 arg=0x7ebec9d8[819] IOC #76 fd=0 cmd=0x80204d01 arg=0x7554dc48[819] = 0xd
[815] = 0x0
[815] IOC #77 fd=12 cmd=0x00008946 arg=0x7ebec9d8[815] = 0x0
[819] IOC #78 fd=0 cmd=0x80204d01 arg=0x7554dc48[819] = 0xc
[819] IOC #79 fd=0 cmd=0x80204d01 arg=0x7554dc48[819] = 0xc
[819] IOC #80 fd=0 cmd=0x80204d01 arg=0x7554dc48[819] = 0xc
[815] IOC #81 fd=12 cmd=0x00008946 arg=0x7ebec9d8[815] = 0x0
[815] IOC #82 fd=12 cmd=0x00008946 arg=0x7ebec9d8[815] = 0x0
[820] IOC #83 fd=5 cmd=0x80045705 arg=0x00000000[820] = 0x0
[815] IOC #84 fd=12 cmd=0x00005401 arg=0x7ebec5c4[815] = 0xffffffe7
[815] IOC #85 fd=12 cmd=0x00005401 arg=0x7ebec5c4[815] = 0xffffffe7
[815] IOC #86 fd=12 cmd=0x00005401 arg=0x7ebec5dc[815] = 0xffffffe7
[815] IOC #87 fd=12 cmd=0x00005401 arg=0x7ebec444[815] = 0xffffffe7
[815] IOC #88 fd=12 cmd=0x00005401 arg=0x7ebec444[815] = 0xffffffe7
