=== sofia_trace: ioctl + segv tracer ===
[tracer] child started, tracing syscalls...
[tracer] initial PC=0x76f58eac LR=0x00000000
IOC #1 fd=0 cmd=0x00005401 arg=0x7e8199bc = 0x0
IOC #2 fd=1 cmd=0x00005401 arg=0x7e8199bc = 0x0
IOC #3 fd=5 cmd=0x00005401 arg=0x7e818c2c = 0xffffffe7
IOC #4 fd=5 cmd=0x00005401 arg=0x7e8189d4 = 0xffffffe7
IOC #5 fd=5 cmd=0x00005401 arg=0x7e8199f4 = 0xffffffe7
IOC #6 fd=5 cmd=0x00005401 arg=0x7e8189e4 = 0xffffffe7
IOC #7 fd=5 cmd=0x00005401 arg=0x7e8187fc = 0xffffffe7
IOC #8 fd=5 cmd=0x00005401 arg=0x7e819744 = 0xffffffe7
IOC #9 fd=5 cmd=0x00005401 arg=0x7e818734 = 0xffffffe7
IOC #10 fd=5 cmd=0x00005401 arg=0x7e8189dc = 0xffffffe7
IOC #11 fd=5 cmd=0x00005401 arg=0x7e8189dc = 0xffffffe7
IOC #12 fd=5 cmd=0x00005401 arg=0x7e8189dc = 0xffffffe7
IOC #13 fd=5 cmd=0x00005401 arg=0x7e8189dc = 0xffffffe7
IOC #14 fd=5 cmd=0x00005401 arg=0x7e8187fc = 0xffffffe7
IOC #15 fd=5 cmd=0x00005401 arg=0x7e8199fc = 0xffffffe7
IOC #16 fd=7 cmd=0x00000703 arg=0x00000018 = 0x0
IOC #17 fd=7 cmd=0x00000707 arg=0x00b8ed60 = 0xffffff87
IOC #18 fd=7 cmd=0x00000707 arg=0x00b8ed60 = 0xffffff87
IOC #19 fd=9 cmd=0x80047652 arg=0x7e819c94 = 0x0
IOC #20 fd=9 cmd=0x40047654 arg=0x00000000 = 0x0
IOC #21 fd=8 cmd=0x80047600 arg=0x7e819be8 = 0x0
IOC #22 fd=9 cmd=0x80047670 arg=0x7e819c8c = 0x0
IOC #23 fd=10 cmd=0x00005401 arg=0x7e819a44 = 0xffffffe7
IOC #24 fd=8 cmd=0x40047602 arg=0x7e819be8 = 0x0
IOC #25 fd=9 cmd=0x80047652 arg=0x7e819c88 = 0x0
IOC #26 fd=10 cmd=0x00005401 arg=0x7e819b54 = 0xffffffe7
IOC #27 fd=9 cmd=0x40047316 arg=0x00bbf138 = 0x0
IOC #28 fd=9 cmd=0x80047301 arg=0x7e819bf0 = 0x0
IOC #29 fd=9 cmd=0x80047304 arg=0x7e819c84 = 0x0
IOC #30 fd=9 cmd=0x80047670 arg=0x7e819c8c = 0x0
IOC #31 fd=9 cmd=0x80046d05 arg=0x7e819c90 = 0x0
IOC #32 fd=9 cmd=0x80046d00 arg=0x7e819c78 = 0x0
IOC #33 fd=9 cmd=0x80046d04 arg=0x7e819c90 = 0x0
IOC #34 fd=9 cmd=0x80046d10 arg=0x7e819c78 = 0x0
IOC #35 fd=9 cmd=0x80046d20 arg=0x7e819c8c = 0x0
IOC #36 fd=9 cmd=0x80045002 arg=0x7e819c94 = 0x0
IOC #37 fd=10 cmd=0x00005401 arg=0x7e819b04 = 0xffffffe7
IOC #38 fd=10 cmd=0x00005401 arg=0x7e819b04 = 0xffffffe7
IOC #39 fd=10 cmd=0x00005401 arg=0x7e819b04 = 0xffffffe7
IOC #40 fd=10 cmd=0x00005401 arg=0x7e819b04 = 0xffffffe7
IOC #41 fd=10 cmd=0x00005401 arg=0x7e819ba4 = 0xffffffe7
IOC #42 fd=10 cmd=0x00005401 arg=0x7e8199b4 = 0xffffffe7
IOC #43 fd=11 cmd=0x00005401 arg=0x7e819994 = 0xffffffe7
IOC #44 fd=12 cmd=0x00005401 arg=0x7e818fcc = 0xffffffe7
IOC #45 fd=5 cmd=0x80045704 arg=0x7e819b34 = 0x0
IOC #46 fd=5 cmd=0xc0045706 arg=0x7e819b2c = 0x0
IOC #47 fd=12 cmd=0x00005401 arg=0x7e8195f4 = 0xffffffe7
IOC #48 fd=12 cmd=0x00005401 arg=0x7e8195f4 = 0xffffffe7
IOC #49 fd=12 cmd=0x00005401 arg=0x7e8195fc = 0xffffffe7
IOC #50 fd=12 cmd=0x00008916 arg=0x7e8199c0 = 0x0
IOC #51 fd=12 cmd=0x00008913 arg=0x7e8199c0 = 0x0
IOC #52 fd=12 cmd=0x00008914 arg=0x7e8199c0 = 0x0
IOC #53 fd=12 cmd=0x00005401 arg=0x7e8198ac = 0xffffffe7
IOC #54 fd=12 cmd=0x0000891c arg=0x7e8199c0 = 0x0
IOC #55 fd=12 cmd=0x00008913 arg=0x7e8199c0 = 0x0
IOC #56 fd=12 cmd=0x00008914 arg=0x7e8199c0 = 0x0
IOC #57 fd=12 cmd=0x00005401 arg=0x7e8198ac = 0xffffffe7
IOC #58 fd=12 cmd=0x00005401 arg=0x7e8195ac = 0xffffffe7
IOC #59 fd=12 cmd=0x00008927 arg=0x7e8199e0 = 0x0
IOC #60 fd=12 cmd=0x00005401 arg=0x7e8194dc = 0xffffffe7
IOC #61 fd=12 cmd=0x0000890c arg=0x7e81996c = 0xfffffffd
IOC #62 fd=13 cmd=0x00005401 arg=0x7e81935c = 0xffffffe7
IOC #63 fd=13 cmd=0x00005401 arg=0x7e81935c = 0xffffffe7
IOC #64 fd=13 cmd=0x00005401 arg=0x7e81935c = 0xffffffe7
IOC #65 fd=12 cmd=0x0000890c arg=0x7e81996c = 0x0
IOC #66 fd=12 cmd=0x0000890b arg=0x7e81996c = 0x0
IOC #67 fd=12 cmd=0x0000890b arg=0x7e81996c = 0x0
IOC #68 fd=12 cmd=0x00005401 arg=0x7e8198ac = 0xffffffe7
IOC #69 fd=12 cmd=0x00005401 arg=0x7e8195ac = 0xffffffe7
IOC #70 fd=12 cmd=0x00008927 arg=0x7e8199e0 = 0x0
IOC #71 fd=12 cmd=0x00008946 arg=0x7e819a28 = 0x0
IOC #72 fd=12 cmd=0x00008946 arg=0x7e819a28 = 0x0
IOC #73 fd=12 cmd=0x00008946 arg=0x7e819a28 = 0x0
IOC #74 fd=12 cmd=0x00008946 arg=0x7e819a28 = 0x0
IOC #75 fd=12 cmd=0x00005401 arg=0x7e819614 = 0xffffffe7
IOC #76 fd=12 cmd=0x00005401 arg=0x7e819614 = 0xffffffe7
IOC #77 fd=12 cmd=0x00005401 arg=0x7e81962c = 0xffffffe7
IOC #78 fd=12 cmd=0x00005401 arg=0x7e819494 = 0xffffffe7
IOC #79 fd=12 cmd=0x00005401 arg=0x7e819494 = 0xffffffe7
IOC #80 fd=12 cmd=0x00005401 arg=0x7e81976c = 0xffffffe7
IOC #81 fd=12 cmd=0x00005401 arg=0x7e81976c = 0xffffffe7
IOC #82 fd=12 cmd=0x00005401 arg=0x7e8195e4 = 0xffffffe7
IOC #83 fd=12 cmd=0x00005401 arg=0x7e8198a4 = 0xffffffe7
IOC #84 fd=12 cmd=0x00005401 arg=0x7e819904 = 0xffffffe7
IOC #85 fd=12 cmd=0x00005401 arg=0x7e819994 = 0xffffffe7
IOC #86 fd=12 cmd=0x00005401 arg=0x7e819a24 = 0xffffffe7
IOC #87 fd=12 cmd=0x00005401 arg=0x7e81943c = 0xffffffe7
IOC #88 fd=12 cmd=0x00005401 arg=0x7e81560c = 0xffffffe7
IOC #89 fd=12 cmd=0x00005401 arg=0x7e8157ac = 0xffffffe7
IOC #90 fd=12 cmd=0x00005401 arg=0x7e81577c = 0xffffffe7
IOC #91 fd=17 cmd=0x00005401 arg=0x7e819724 = 0xffffffe7
IOC #92 fd=17 cmd=0x00005401 arg=0x7e8191dc = 0xffffffe7
IOC #93 fd=17 cmd=0x00005401 arg=0x7e8196cc = 0xffffffe7
IOC #94 fd=17 cmd=0x00005401 arg=0x7e818ec4 = 0xffffffe7
IOC #95 fd=18 cmd=0x00005401 arg=0x7e818ec4 = 0xffffffe7
IOC #96 fd=17 cmd=0x00005401 arg=0x7e81969c = 0xffffffe7
IOC #97 fd=17 cmd=0x00005401 arg=0x7e8191cc = 0xffffffe7
IOC #98 fd=17 cmd=0x00005401 arg=0x7e8191cc = 0xffffffe7
IOC #99 fd=17 cmd=0x00005401 arg=0x7e8191d4 = 0xffffffe7
IOC #100 fd=13 cmd=0x00005401 arg=0x7e819944 = 0xffffffe7
IOC #101 fd=13 cmd=0x00005401 arg=0x7e819944 = 0xffffffe7
IOC #102 fd=13 cmd=0x00005401 arg=0x7e81990c = 0xffffffe7
IOC #103 fd=13 cmd=0x00005401 arg=0x7e81971c = 0xffffffe7
IOC #104 fd=13 cmd=0x40045900 arg=0x7e81975c = 0x0
IOC #105 fd=13 cmd=0x00005930 arg=0x000000a0 = 0x0
IOC #106 fd=13 cmd=0x40045932 arg=0x7e819744 = 0x0
IOC #107 fd=17 cmd=0x40045910 arg=0x7e819764 = 0x0
IOC #108 fd=17 cmd=0x00005930 arg=0x00000140 = 0x0
IOC #109 fd=17 cmd=0x40045932 arg=0x7e81974c = 0x0
IOC #110 fd=17 cmd=0x40045917 arg=0x7e819774 = 0x0
IOC #111 fd=13 cmd=0x00005904 arg=0x00bb32b0 = 0x0
IOC #112 fd=9 cmd=0x80047652 arg=0x00bb31e4 = 0x0
IOC #113 fd=9 cmd=0x80047670 arg=0x7e819774 = 0x0
IOC #114 fd=9 cmd=0x80046920 arg=0x7e819754 = 0x0
IOC #115 fd=9 cmd=0x40046921 arg=0x7e819748 = 0x0
IOC #116 fd=9 cmd=0x80047301 arg=0x7e8196c4 = 0x0
IOC #117 fd=9 cmd=0x80047302 arg=0x7e819708 = 0x0
IOC #118 fd=9 cmd=0x40046921 arg=0x7e81974c = 0x0
IOC #119 fd=9 cmd=0x40047303 arg=0x990b4120 = 0x0
IOC #120 fd=9 cmd=0x4004730b arg=0x7e819798 = 0x0
IOC #121 fd=9 cmd=0x80047301 arg=0x7e819680 = 0x0
IOC #122 fd=9 cmd=0x40047304 arg=0x01388000 = 0x0
IOC #123 fd=9 cmd=0x80047304 arg=0x7e819750 = 0x0
IOC #124 fd=9 cmd=0x80047305 arg=0x7e819730 = 0x0
IOC #125 fd=9 cmd=0x80047670 arg=0x7e819774 = 0x0
IOC #126 fd=9 cmd=0x4004767b arg=0x00000000 = 0x0
IOC #127 fd=9 cmd=0x80047670 arg=0x7e819734 = 0x0
IOC #128 fd=9 cmd=0x80047670 arg=0x7e8196a8 = 0x0
IOC #129 fd=9 cmd=0x80047674 arg=0x7e819620 = 0x0
IOC #130 fd=9 cmd=0x80047652 arg=0x7e8196ac = 0x0
IOC #131 fd=9 cmd=0x40047673 arg=0x7e819620 = 0x0
IOC #132 fd=9 cmd=0x40047687 arg=0x7e8196f4 = 0x0
IOC #133 fd=9 cmd=0x40047683 arg=0x7e81971c = 0x0
IOC #134 fd=9 cmd=0x80047670 arg=0x7e81964c = 0x0
IOC #135 fd=9 cmd=0x80047670 arg=0x7e819610 = 0x0
IOC #136 fd=9 cmd=0x80047674 arg=0x7e819588 = 0x0
IOC #137 fd=9 cmd=0x80047652 arg=0x7e819614 = 0x0
IOC #138 fd=9 cmd=0x40047673 arg=0x7e819588 = 0x0
IOC #139 fd=9 cmd=0x40046533 arg=0x7e819644 = 0x0
IOC #140 fd=9 cmd=0x40046528 arg=0x00baea54 = 0x0
IOC #141 fd=9 cmd=0xc0046540 arg=0x00baea64 = 0x0
IOC #142 fd=9 cmd=0x80047670 arg=0x7e819608 = 0x0
IOC #143 fd=9 cmd=0x80047674 arg=0x7e819580 = 0x0
IOC #144 fd=9 cmd=0x80047652 arg=0x7e81960c = 0x0
IOC #145 fd=9 cmd=0x40047673 arg=0x7e819580 = 0x0
IOC #146 fd=9 cmd=0x4004653f arg=0x00baea64 = 0x0
IOC #147 fd=9 cmd=0x40046538 arg=0x7e81963c = 0x0
IOC #148 fd=9 cmd=0xc0046545 arg=0x7e819640 = 0x0
IOC #149 fd=9 cmd=0x40046544 arg=0x7e819640 = 0x0
IOC #150 fd=9 cmd=0x80047670 arg=0x7e81964c = 0x0
IOC #151 fd=9 cmd=0x80047670 arg=0x7e819610 = 0x0
IOC #152 fd=9 cmd=0x80047674 arg=0x7e819588 = 0x0
IOC #153 fd=9 cmd=0x80047652 arg=0x7e819614 = 0x0
IOC #154 fd=9 cmd=0x40047673 arg=0x7e819588 = 0x0
IOC #155 fd=9 cmd=0x40046533 arg=0x7e819644 = 0x0
IOC #156 fd=9 cmd=0x40046528 arg=0x00baeb38 = 0x0
IOC #157 fd=9 cmd=0xc0046540 arg=0x00baeb48 = 0x0
IOC #158 fd=9 cmd=0x80047670 arg=0x7e819608 = 0x0
IOC #159 fd=9 cmd=0x80047674 arg=0x7e819580 = 0x0
IOC #160 fd=9 cmd=0x80047652 arg=0x7e81960c = 0x0
IOC #161 fd=9 cmd=0x40047673 arg=0x7e819580 = 0x0
IOC #162 fd=9 cmd=0x4004653f arg=0x00baeb48 = 0x0
IOC #163 fd=9 cmd=0x40046538 arg=0x7e81963c = 0x0
IOC #164 fd=9 cmd=0xc0046545 arg=0x7e819640 = 0x0
IOC #165 fd=9 cmd=0x40046544 arg=0x7e819640 = 0x0
IOC #166 fd=9 cmd=0x80047670 arg=0x7e81964c = 0x0
IOC #167 fd=9 cmd=0x80047670 arg=0x7e819610 = 0x0
IOC #168 fd=9 cmd=0x80047674 arg=0x7e819588 = 0x0
IOC #169 fd=9 cmd=0x80047652 arg=0x7e819614 = 0x0
IOC #170 fd=9 cmd=0x40047673 arg=0x7e819588 = 0x0
IOC #171 fd=9 cmd=0x40046533 arg=0x7e819644 = 0x0
IOC #172 fd=9 cmd=0x40046528 arg=0x00baec1c = 0x0
IOC #173 fd=9 cmd=0xc0046540 arg=0x00baec2c = 0x0
IOC #174 fd=9 cmd=0x80047670 arg=0x7e819608 = 0x0
IOC #175 fd=9 cmd=0x80047674 arg=0x7e819580 = 0x0
IOC #176 fd=9 cmd=0x80047652 arg=0x7e81960c = 0x0
IOC #177 fd=9 cmd=0x40047673 arg=0x7e819580 = 0x0
IOC #178 fd=9 cmd=0x4004653f arg=0x00baec2c = 0x0
IOC #179 fd=9 cmd=0x40046538 arg=0x7e81963c = 0x0
IOC #180 fd=9 cmd=0xc0046545 arg=0x7e819640 = 0x0
IOC #181 fd=9 cmd=0x40046544 arg=0x7e819640 = 0x0
IOC #182 fd=9 cmd=0x00007681 arg=0x00000000 = 0x0
IOC #183 fd=20 cmd=0xc0047686 arg=0x7e81976c = 0x0
IOC #184 fd=20 cmd=0x40047026 arg=0x7e818ae0 = 0x0
IOC #185 fd=9 cmd=0x4004730b arg=0x7e819790 = 0x0
IOC #186 fd=9 cmd=0x80047652 arg=0x7e819744 = 0x0
IOC #187 fd=9 cmd=0x40046f00 arg=0x00bb6dcc = 0x0
IOC #188 fd=9 cmd=0x80047652 arg=0x7e819744 = 0x0
IOC #189 fd=9 cmd=0x40046f00 arg=0x00bb6e1c = 0x0
IOC #190 fd=9 cmd=0x80047652 arg=0x7e819744 = 0x0
IOC #191 fd=9 cmd=0x40046f00 arg=0x00bb6e6c = 0x0
IOC #192 fd=9 cmd=0x80047652 arg=0x7e819744 = 0x0
IOC #193 fd=9 cmd=0x40046f00 arg=0x00bb6ebc = 0x0
IOC #194 fd=9 cmd=0x80047652 arg=0x7e819744 = 0x0
IOC #195 fd=9 cmd=0x40046f00 arg=0x00bb6dcc = 0x0
IOC #196 fd=9 cmd=0x80047652 arg=0x7e819744 = 0x0
IOC #197 fd=9 cmd=0x40046f00 arg=0x00bb6e1c = 0x0
IOC #198 fd=9 cmd=0x80047652 arg=0x7e819744 = 0x0
IOC #199 fd=9 cmd=0x40046f00 arg=0x00bb6e6c = 0x0
IOC #200 fd=9 cmd=0x80047652 arg=0x7e819744 = 0x0
IOC #201 fd=9 cmd=0x40046f00 arg=0x00bb6ebc = 0x0
IOC #202 fd=20 cmd=0x00005401 arg=0x7e819974 = 0xffffffe7
IOC #203 fd=20 cmd=0x00005401 arg=0x7e819974 = 0xffffffe7
IOC #204 fd=9 cmd=0x80047670 arg=0x7e819a44 = 0x0
IOC #205 fd=9 cmd=0xc004652a arg=0x7e819a38 = 0x0
IOC #206 fd=9 cmd=0xc004652a arg=0x7e819a38 = 0x0
IOC #207 fd=9 cmd=0xc004652a arg=0x7e819a38 = 0x0
IOC #208 fd=9 cmd=0xc004652a arg=0x7e819a38 = 0x0
IOC #209 fd=9 cmd=0x40046541 arg=0x00000001 = 0x0
IOC #210 fd=9 cmd=0x80047670 arg=0x7e819a44 = 0x0
IOC #211 fd=9 cmd=0xc004652a arg=0x7e819a38 = 0x0
IOC #212 fd=9 cmd=0xc004652a arg=0x7e819a38 = 0x0
IOC #213 fd=9 cmd=0xc004652a arg=0x7e819a38 = 0x0
IOC #214 fd=9 cmd=0xc004652a arg=0x7e819a38 = 0x0
IOC #215 fd=9 cmd=0x40046541 arg=0x00000002 = 0x0
IOC #216 fd=13 cmd=0x40045902 arg=0x7e819aec = 0x0
IOC #217 fd=22 cmd=0x00008927 arg=0x7e819ad0 = 0x0
IOC #218 fd=22 cmd=0x00005401 arg=0x7e819a54 = 0x0
IOC #219 fd=22 cmd=0x0000540b arg=0x00000002 = 0x0
IOC #220 fd=22 cmd=0x00005402 arg=0x7e819a4c = 0x0
IOC #221 fd=22 cmd=0x00005401 arg=0x7e819a4c = 0x0
IOC #222 fd=9 cmd=0x80047670 arg=0x7e819ae4 = 0x0
IOC #223 fd=9 cmd=0xc004652a arg=0x7e819ad8 = 0x0
IOC #224 fd=9 cmd=0xc004652a arg=0x7e819ad8 = 0x0
IOC #225 fd=9 cmd=0xc004652a arg=0x7e819ad8 = 0x0
IOC #226 fd=9 cmd=0xc004652a arg=0x7e819ad8 = 0x0
IOC #227 fd=9 cmd=0x40046541 arg=0x00000004 = 0x0
IOC #228 fd=23 cmd=0x00005401 arg=0x7e819a0c = 0xffffffe7
